Time to send 1024 Bytes :2521 (us) 
Time to sign the credential: 306593 (us) 
Time to encrypt the key :11415 (us) 
Time to send the 16 key :2618 (us) 
Time for whole process:323689 (us)
Time to send 1024 Bytes :2529 (us) 
Time to sign the credential: 305905 (us) 
Time to encrypt the key :11418 (us) 
Time to send the 17 key :2596 (us) 
Time for whole process:322981 (us)
Time to send 1024 Bytes :2529 (us) 
Time to sign the credential: 308908 (us) 
Time to encrypt the key :11412 (us) 
Time to send the 18 key :2616 (us) 
Time for whole process:325999 (us)
Time to send 1024 Bytes :2538 (us) 
Time to sign the credential: 306266 (us) 
Time to encrypt the key :11411 (us) 
Time to send the 19 key :2611 (us) 
Time for whole process:323376 (us)
Time to send 1024 Bytes :2490 (us) 
Time to sign the credential: 305848 (us) 
Time to encrypt the key :11415 (us) 
Time to send the 20 key :3223 (us) 
Time for whole process:323516 (us)
Time to send 1024 Bytes :2501 (us) 
Time to sign the credential: 308149 (us) 
Time to encrypt the key :11424 (us) 
Time to send the 21 key :2581 (us) 
Time for whole process:325194 (us)
Time to send 1024 Bytes :2521 (us) 
Time to sign the credential: 307127 (us) 
Time to encrypt the key :11421 (us) 
Time to send the 22 key :2581 (us) 
Time for whole process:324197 (us)
Time to send 1024 Bytes :2527 (us) 
Time to sign the credential: 305791 (us) 
Time to encrypt the key :11417 (us) 
Time to send the 23 key :2596 (us) 
Time for whole process:322872 (us)
Time to send 1024 Bytes :2523 (us) 
Time to sign the credential: 304346 (us) 
Time to encrypt the key :11385 (us) 
Time to send the 24 key :2504 (us) 
Time for whole process:321291 (us)
Time to send 1024 Bytes :2541 (us) 
Time to sign the credential: 306893 (us) 
Time to encrypt the key :11424 (us) 
Time to send the 25 key :2588 (us) 
Time for whole process:323986 (us)
Time to send 1024 Bytes :2496 (us) 
Time to sign the credential: 301920 (us) 
Time to encrypt the key :11428 (us) 
Time to send the 26 key :1807 (us) 
Time for whole process:318189 (us)
Time to send 1024 Bytes :2489 (us) 
Time to sign the credential: 306980 (us) 
Time to encrypt the key :11419 (us) 
Time to send the 27 key :2604 (us) 
Time for whole process:324023 (us)
Time to send 1024 Bytes :2529 (us) 
Time to sign the credential: 303350 (us) 
Time to encrypt the key :11419 (us) 
Time to send the 28 key :2584 (us) 
Time for whole process:320423 (us)
Time to send 1024 Bytes :2517 (us) 
Time to sign the credential: 306170 (us) 
Time to encrypt the key :11420 (us) 
Time to send the 29 key :2575 (us) 
Time for whole process:323224 (us)
Time to send 1024 Bytes :2540 (us) 
Time to sign the credential: 307302 (us) 
Time to encrypt the key :11425 (us) 
Time to send the 30 key :2600 (us) 
Time for whole process:324401 (us)
Time to send 1024 Bytes :2506 (us) 
Time to sign the credential: 305615 (us) 
Time to encrypt the key :11410 (us) 
Time to send the 31 key :2594 (us) 
Time for whole process:322670 (us)
Time to send 1024 Bytes :2528 (us) 
Time to sign the credential: 304785 (us) 
Time to encrypt the key :10149 (us) 
Time to send the 32 key :2601 (us) 
Time for whole process:320594 (us)
Time to send 1024 Bytes :2488 (us) 
Time to sign the credential: 306673 (us) 
Time to encrypt the key :11418 (us) 
Time to send the 33 key :2610 (us) 
Time for whole process:323741 (us)
Time to send 1024 Bytes :2526 (us) 
Time to sign the credential: 306308 (us) 
Time to encrypt the key :11419 (us) 
Time to send the 34 key :2583 (us) 
Time for whole process:323376 (us)
Time to send 1024 Bytes :2499 (us) 
Time to sign the credential: 305602 (us) 
Time to encrypt the key :11406 (us) 
Time to send the 35 key :2591 (us) 
Time for whole process:322633 (us)
Time to send 1024 Bytes :2521 (us) 
Time to sign the credential: 305045 (us) 
Time to encrypt the key :11021 (us) 
Time to send the 36 key :2589 (us) 
Time for whole process:321709 (us)
Time to send 1024 Bytes :2517 (us) 
Time to sign the credential: 306666 (us) 
Time to encrypt the key :11390 (us) 
Time to send the 37 key :2596 (us) 
Time for whole process:323710 (us)
Time to send 1024 Bytes :2527 (us) 
Time to sign the credential: 301793 (us) 
Time to encrypt the key :11092 (us) 
Time to send the 38 key :2658 (us) 
Time for whole process:318605 (us)
Time to send 1024 Bytes :2499 (us) 
Time to sign the credential: 307291 (us) 
Time to encrypt the key :11410 (us) 
Time to send the 39 key :2584 (us) 
Time for whole process:324325 (us)
Time to send 1024 Bytes :2588 (us) 
Time to sign the credential: 307402 (us) 
Time to encrypt the key :11416 (us) 
Time to send the 40 key :2585 (us) 
Time for whole process:324537 (us)
Time to send 1024 Bytes :2652 (us) 
Time to sign the credential: 308723 (us) 
Time to encrypt the key :11457 (us) 
Time to send the 41 key :2566 (us) 
Time for whole process:325943 (us)
Time to send 1024 Bytes :2691 (us) 
Time to sign the credential: 306670 (us) 
Time to encrypt the key :11426 (us) 
Time to send the 42 key :2585 (us) 
Time for whole process:323915 (us)
Time to send 1024 Bytes :2433 (us) 
Time to sign the credential: 307611 (us) 
Time to encrypt the key :11416 (us) 
Time to send the 43 key :2599 (us) 
Time for whole process:324598 (us)
Time to send 1024 Bytes :2827 (us) 
Time to sign the credential: 305360 (us) 
Time to encrypt the key :11458 (us) 
Time to send the 44 key :2612 (us) 
Time for whole process:322804 (us)
Time to send 1024 Bytes :2655 (us) 
Time to sign the credential: 308211 (us) 
Time to encrypt the key :11410 (us) 
Time to send the 45 key :2591 (us) 
Time for whole process:325410 (us)
Time to send 1024 Bytes :2710 (us) 
Time to sign the credential: 306853 (us) 
Time to encrypt the key :11424 (us) 
Time to send the 46 key :2586 (us) 
Time for whole process:324122 (us)
Time to send 1024 Bytes :2653 (us) 
Time to sign the credential: 304723 (us) 
Time to encrypt the key :11424 (us) 
Time to send the 47 key :2585 (us) 
Time for whole process:321930 (us)
Time to send 1024 Bytes :1661 (us) 
Time to sign the credential: 306262 (us) 
Time to encrypt the key :11413 (us) 
Time to send the 48 key :2590 (us) 
Time for whole process:322464 (us)
Time to send 1024 Bytes :2521 (us) 
Time to sign the credential: 307579 (us) 
Time to encrypt the key :11417 (us) 
Time to send the 49 key :2606 (us) 
Time for whole process:324679 (us)
Time to send 1024 Bytes :2573 (us) 
Time to sign the credential: 308879 (us) 
Time to encrypt the key :11479 (us) 
Time to send the 50 key :2598 (us) 
Time for whole process:326061 (us)
Time to send 1024 Bytes :2519 (us) 
Time to sign the credential: 305521 (us) 
Time to encrypt the key :11412 (us) 
Time to send the 51 key :2583 (us) 
Time for whole process:322567 (us)
Time to send 1024 Bytes :2521 (us) 
Time to sign the credential: 308372 (us) 
Time to encrypt the key :11413 (us) 
Time to send the 52 key :2587 (us) 
Time for whole process:325433 (us)
Time to send 1024 Bytes :2525 (us) 
Time to sign the credential: 303247 (us) 
Time to encrypt the key :11411 (us) 
Time to send the 53 key :2597 (us) 
Time for whole process:320320 (us)
Time to send 1024 Bytes :2940 (us) 
Time to sign the credential: 306298 (us) 
Time to encrypt the key :11408 (us) 
Time to send the 54 key :2595 (us) 
Time for whole process:323775 (us)
Time to send 1024 Bytes :2626 (us) 
Time to sign the credential: 303521 (us) 
Time to encrypt the key :11434 (us) 
Time to send the 55 key :2720 (us) 
Time for whole process:320847 (us)
Time to send 1024 Bytes :1790 (us) 
Time to sign the credential: 308247 (us) 
Time to encrypt the key :11440 (us) 
Time to send the 56 key :2717 (us) 
Time for whole process:324781 (us)
Time to send 1024 Bytes :2603 (us) 
Time to sign the credential: 307692 (us) 
Time to encrypt the key :11431 (us) 
Time to send the 57 key :2760 (us) 
Time for whole process:325019 (us)
Time to send 1024 Bytes :2603 (us) 
Time to sign the credential: 305231 (us) 
Time to encrypt the key :11431 (us) 
Time to send the 58 key :2702 (us) 
Time for whole process:322508 (us)
Time to send 1024 Bytes :2601 (us) 
Time to sign the credential: 304405 (us) 
Time to encrypt the key :11429 (us) 
Time to send the 59 key :2698 (us) 
Time for whole process:321668 (us)
Time to send 1024 Bytes :1604 (us) 
Time to sign the credential: 306618 (us) 
Time to encrypt the key :11432 (us) 
Time to send the 60 key :2672 (us) 
Time for whole process:322860 (us)
Time to send 1024 Bytes :2415 (us) 
Time to sign the credential: 306673 (us) 
Time to encrypt the key :11433 (us) 
Time to send the 61 key :2713 (us) 
Time for whole process:323814 (us)
Time to send 1024 Bytes :2683 (us) 
Time to sign the credential: 308100 (us) 
Time to encrypt the key :11429 (us) 
Time to send the 62 key :2491 (us) 
Time for whole process:325306 (us)
Time to send 1024 Bytes :2420 (us) 
Time to sign the credential: 309348 (us) 
Time to encrypt the key :11429 (us) 
Time to send the 63 key :2700 (us) 
Time for whole process:326444 (us)
Time to send 1024 Bytes :2608 (us) 
Time to sign the credential: 302870 (us) 
Time to encrypt the key :11445 (us) 
Time to send the 64 key :2374 (us) 
Time for whole process:319837 (us)
ets Jun  8 2016 00:22:57

rst:0x1 (POWERON_RESET),boot:0x13 (SPI_FAST_FLASH_BOOT)
configsip: 0, SPIWP:0xee
clk_drv:0x00,q_drv:0x00,d_drv:0x00,cs0_drv:0x00,hd_drv:0x00,wp_drv:0x00
mode:DIO, clock div:1
load:0x3fff0018,len:4
load:0x3fff001c,len:1216
ho 0 tail 12 room 4
load:0x40078000,len:9720
ho 0 tail 12 room 4
load:0x40080400,len:6352
entry 0x400806b8

Connecting to Commodore64
.........................ets Jun  8 2016 00:22:57

rst:0x1 (POWERON_RESET),boot:0x13 (SPI_FAST_FLASH_BOOT)
configsip: 0, SPIWP:0xee
clk_drv:0x00,q_drv:0x00,d_drv:0x00,cs0_drv:0x00,hd_drv:0x00,wp_drv:0x00
mode:DIO, clock div:1
load:0x3fff0018,len:4
load:0x3fff001c,len:1216
ho 0 tail 12 room 4
load:0x40078000,len:9720
ho 0 tail 12 room 4
load:0x40080400,len:6352
entry 0x400806b8

Connecting to Commodore64
. Time to connect to AP is :499410 (us)

WiFi connected
IP address: 
192.168.178.36
Attempting MQTT connection...connected
Time to estiblsh connection with server is:19106 (us)
Time to send 5120 Bytes :3460 (us) 
Time to sign the credential: 307264 (us) 
Time to encrypt the key :11409 (us) 
Time to send the 1 key :2510 (us) 
Time for whole process:325737 (us)
Time to send 5120 Bytes :3414 (us) 
Time to sign the credential: 308383 (us) 
Time to encrypt the key :11352 (us) 
Time to send the 2 key :2742 (us) 
Time for whole process:326933 (us)
Time to send 5120 Bytes :3403 (us) 
Time to sign the credential: 305586 (us) 
Time to encrypt the key :11367 (us) 
Time to send the 3 key :2724 (us) 
Time for whole process:324131 (us)
Time to send 5120 Bytes :3390 (us) 
Time to sign the credential: 302787 (us) 
Time to encrypt the key :11366 (us) 
Time to send the 4 key :2529 (us) 
Time for whole process:321130 (us)
Time to send 5120 Bytes :3388 (us) 
Time to sign the credential: 304068 (us) 
Time to encrypt the key :11354 (us) 
Time to send the 5 key :2726 (us) 
Time for whole process:322586 (us)
Time to send 5120 Bytes :3416 (us) 
Time to sign the credential: 305474 (us) 
Time to encrypt the key :11416 (us) 
Time to send the 6 key :2717 (us) 
Time for whole process:324061 (us)
Time to send 5120 Bytes :3392 (us) 
Time to sign the credential: 304018 (us) 
Time to encrypt the key :11356 (us) 
Time to send the 7 key :2743 (us) 
Time for whole process:322577 (us)
Time to send 5120 Bytes :3411 (us) 
Time to sign the credential: 308682 (us) 
Time to encrypt the key :11359 (us) 
Time to send the 8 key :2727 (us) 
Time for whole process:327225 (us)
Time to send 5120 Bytes :3394 (us) 
Time to sign the credential: 306884 (us) 
Time to encrypt the key :11353 (us) 
Time to send the 9 key :2733 (us) 
Time for whole process:325422 (us)
Time to send 5120 Bytes :3361 (us) 
Time to sign the credential: 304907 (us) 
Time to encrypt the key :11362 (us) 
Time to send the 10 key :3351 (us) 
Time for whole process:324043 (us)
Time to send 5120 Bytes :3371 (us) 
Time to sign the credential: 304120 (us) 
Time to encrypt the key :11352 (us) 
Time to send the 11 key :2730 (us) 
Time for whole process:322629 (us)
