>>>>>>>>>> Phase 3: Encryption >>>>>>>>>>
iteration: 100, used time: 1545995 us
iteration: 99, used time: 1549528 us
iteration: 98, used time: 1557570 us
iteration: 97, used time: 1557588 us
iteration: 96, used time: 1553474 us
iteration: 95, used time: 1545533 us
iteration: 94, used time: 1557539 us
iteration: 93, used time: 1541690 us
iteration: 92, used time: 1538013 us
iteration: 91, used time: 1554000 us
iteration: 90, used time: 1549597 us
iteration: 89, used time: 1544719 us
iteration: 88, used time: 1560726 us
iteration: 87, used time: 1549620 us
iteration: 86, used time: 1561761 us
iteration: 85, used time: 1553685 us
iteration: 84, used time: 1542410 us
iteration: 83, used time: 1545990 us
iteration: 82, used time: 1553994 us
iteration: 81, used time: 1553876 us
iteration: 80, used time: 1557214 us
iteration: 79, used time: 1553504 us
iteration: 78, used time: 1545448 us
iteration: 77, used time: 1553496 us
iteration: 76, used time: 1557204 us
iteration: 75, used time: 1565227 us
iteration: 74, used time: 1542029 us
iteration: 73, used time: 1542517 us
iteration: 72, used time: 1549566 us
iteration: 71, used time: 1542212 us
iteration: 70, used time: 1553468 us
iteration: 69, used time: 1549831 us
iteration: 68, used time: 1553438 us
iteration: 67, used time: 1549913 us
iteration: 66, used time: 1529193 us
iteration: 65, used time: 1546441 us
iteration: 64, used time: 1545417 us
iteration: 63, used time: 1553607 us
iteration: 62, used time: 1560969 us
iteration: 61, used time: 1545851 us
iteration: 60, used time: 1560869 us
iteration: 59, used time: 1545787 us
iteration: 58, used time: 1557477 us
iteration: 57, used time: 1532436 us
iteration: 56, used time: 1553480 us
iteration: 55, used time: 1545329 us
iteration: 54, used time: 1554079 us
iteration: 53, used time: 1561073 us
iteration: 52, used time: 1558006 us
iteration: 51, used time: 1544853 us
iteration: 50, used time: 1549592 us
iteration: 49, used time: 1541497 us
iteration: 48, used time: 1541604 us
iteration: 47, used time: 1546011 us
iteration: 46, used time: 1549748 us
iteration: 45, used time: 1550165 us
iteration: 44, used time: 1541504 us
iteration: 43, used time: 1541540 us
iteration: 42, used time: 1549753 us
iteration: 41, used time: 1550140 us
iteration: 40, used time: 1540959 us
iteration: 39, used time: 1537797 us
iteration: 38, used time: 1533570 us
iteration: 37, used time: 1545976 us
iteration: 36, used time: 1525449 us
iteration: 35, used time: 1556955 us
iteration: 34, used time: 1545996 us
iteration: 33, used time: 1553319 us
iteration: 32, used time: 1540913 us
iteration: 31, used time: 1546111 us
iteration: 30, used time: 1560957 us
iteration: 29, used time: 1541493 us
iteration: 28, used time: 1517346 us
iteration: 27, used time: 1525203 us
iteration: 26, used time: 1553261 us
iteration: 25, used time: 1537934 us
iteration: 24, used time: 1545680 us
iteration: 23, used time: 1561243 us
iteration: 22, used time: 1537120 us
iteration: 21, used time: 1557375 us
iteration: 20, used time: 1553470 us
iteration: 19, used time: 1545484 us
iteration: 18, used time: 1542361 us
iteration: 17, used time: 1525712 us
iteration: 16, used time: 1531500 us
iteration: 15, used time: 1541200 us
iteration: 14, used time: 1538065 us
iteration: 13, used time: 1549780 us
iteration: 12, used time: 1541050 us
iteration: 11, used time: 1549946 us
iteration: 10, used time: 1542129 us
iteration: 9, used time: 1553473 us
iteration: 8, used time: 1537571 us
iteration: 7, used time: 1557549 us
iteration: 6, used time: 1553458 us
iteration: 5, used time: 1553968 us
iteration: 4, used time: 1542836 us
iteration: 3, used time: 1552800 us
iteration: 2, used time: 1549729 us
iteration: 1, used time: 1526339 us
>>>>>>>>>> Phase 4: Decryption >>>>>>>>>>
iteration: 100, used time: 1377261 us
iteration: 99, used time: 1377254 us
iteration: 98, used time: 1377296 us
iteration: 97, used time: 1377193 us
iteration: 96, used time: 1377338 us
iteration: 95, used time: 1377220 us
iteration: 94, used time: 1377283 us
iteration: 93, used time: 1377306 us
iteration: 92, used time: 1377187 us
iteration: 91, used time: 1377343 us
iteration: 90, used time: 1377221 us
iteration: 89, used time: 1377280 us
iteration: 88, used time: 1377304 us
iteration: 87, used time: 1377193 us
iteration: 86, used time: 1377338 us
iteration: 85, used time: 1377220 us
iteration: 84, used time: 1377283 us
iteration: 83, used time: 1377306 us
iteration: 82, used time: 1377187 us
iteration: 81, used time: 1377343 us
iteration: 80, used time: 1377221 us
iteration: 79, used time: 1377280 us
iteration: 78, used time: 1377304 us
iteration: 77, used time: 1377193 us
iteration: 76, used time: 1377338 us
iteration: 75, used time: 1377220 us
iteration: 74, used time: 1377283 us
iteration: 73, used time: 1377306 us
iteration: 72, used time: 1377187 us
iteration: 71, used time: 1377343 us
iteration: 70, used time: 1377221 us
iteration: 69, used time: 1377279 us
iteration: 68, used time: 1377304 us
iteration: 67, used time: 1377193 us
iteration: 66, used time: 1377338 us
iteration: 65, used time: 1377220 us
iteration: 64, used time: 1377282 us
iteration: 63, used time: 1377306 us
iteration: 62, used time: 1377187 us
iteration: 61, used time: 1377343 us
iteration: 60, used time: 1377221 us
iteration: 59, used time: 1377281 us
iteration: 58, used time: 1377304 us
iteration: 57, used time: 1377193 us
iteration: 56, used time: 1377338 us
iteration: 55, used time: 1377220 us
iteration: 54, used time: 1377282 us
iteration: 53, used time: 1377306 us
iteration: 52, used time: 1377187 us
iteration: 51, used time: 1377343 us
iteration: 50, used time: 1377221 us
iteration: 49, used time: 1377281 us
iteration: 48, used time: 1377304 us
iteration: 47, used time: 1377193 us
iteration: 46, used time: 1377338 us
iteration: 45, used time: 1377220 us
iteration: 44, used time: 1377282 us
iteration: 43, used time: 1377306 us
iteration: 42, used time: 1377187 us
iteration: 41, used time: 1377343 us
iteration: 40, used time: 1377221 us
iteration: 39, used time: 1377281 us
iteration: 38, used time: 1377304 us
iteration: 37, used time: 1377193 us
iteration: 36, used time: 1377338 us
iteration: 35, used time: 1377220 us
iteration: 34, used time: 1377282 us
iteration: 33, used time: 1377305 us
iteration: 32, used time: 1377186 us
iteration: 31, used time: 1377342 us
iteration: 30, used time: 1377221 us
iteration: 29, used time: 1377281 us
iteration: 28, used time: 1377304 us
iteration: 27, used time: 1377193 us
iteration: 26, used time: 1377338 us
iteration: 25, used time: 1377221 us
iteration: 24, used time: 1377282 us
iteration: 23, used time: 1377306 us
iteration: 22, used time: 1377186 us
iteration: 21, used time: 1377342 us
iteration: 20, used time: 1377221 us
iteration: 19, used time: 1377281 us
iteration: 18, used time: 1377304 us
iteration: 17, used time: 1377193 us
iteration: 16, used time: 1377338 us
iteration: 15, used time: 1377221 us
iteration: 14, used time: 1377282 us
iteration: 13, used time: 1377306 us
iteration: 12, used time: 1377186 us
iteration: 11, used time: 1377342 us
iteration: 10, used time: 1377221 us
iteration: 9, used time: 1377281 us
iteration: 8, used time: 1377308 us
iteration: 7, used time: 1377198 us
iteration: 6, used time: 1377343 us
iteration: 5, used time: 1377225 us
iteration: 4, used time: 1377287 us
iteration: 3, used time: 1377311 us
iteration: 2, used time: 1377191 us
iteration: 1, used time: 1377347 us
>>>>>>>>>> Time Summary >>>>>>>>>>
Setup time:      1819450 (us)
Extract time:    1688572 (us)
Encryption time: 1547418 (us)
Decryption time: 1377267 (us)
