>>>>>>>>>> Phase 3: Encryption >>>>>>>>>>
iteration: 100, used time: 1562814 us
iteration: 99, used time: 1539566 us
iteration: 98, used time: 1551046 us
iteration: 97, used time: 1562291 us
iteration: 96, used time: 1551501 us
iteration: 95, used time: 1531002 us
iteration: 94, used time: 1543306 us
iteration: 93, used time: 1543111 us
iteration: 92, used time: 1558530 us
iteration: 91, used time: 1558662 us
iteration: 90, used time: 1554998 us
iteration: 89, used time: 1550325 us
iteration: 88, used time: 1558764 us
iteration: 87, used time: 1546964 us
iteration: 86, used time: 1554640 us
iteration: 85, used time: 1554776 us
iteration: 84, used time: 1551579 us
iteration: 83, used time: 1550655 us
iteration: 82, used time: 1550703 us
iteration: 81, used time: 1550974 us
iteration: 80, used time: 1546120 us
iteration: 79, used time: 1558765 us
iteration: 78, used time: 1547201 us
iteration: 77, used time: 1538876 us
iteration: 76, used time: 1547333 us
iteration: 75, used time: 1527674 us
iteration: 74, used time: 1558822 us
iteration: 73, used time: 1539614 us
iteration: 72, used time: 1531275 us
iteration: 71, used time: 1558408 us
iteration: 70, used time: 1535042 us
iteration: 69, used time: 1539634 us
iteration: 68, used time: 1559007 us
iteration: 67, used time: 1526821 us
iteration: 66, used time: 1547425 us
iteration: 65, used time: 1558075 us
iteration: 64, used time: 1543596 us
iteration: 63, used time: 1538239 us
iteration: 62, used time: 1559002 us
iteration: 61, used time: 1550290 us
iteration: 60, used time: 1554716 us
iteration: 59, used time: 1554801 us
iteration: 58, used time: 1550871 us
iteration: 57, used time: 1555300 us
iteration: 56, used time: 1542805 us
iteration: 55, used time: 1546251 us
iteration: 54, used time: 1554467 us
iteration: 53, used time: 1558686 us
iteration: 52, used time: 1547310 us
iteration: 51, used time: 1547016 us
iteration: 50, used time: 1522639 us
iteration: 49, used time: 1542708 us
iteration: 48, used time: 1538906 us
iteration: 47, used time: 1566710 us
iteration: 46, used time: 1547187 us
iteration: 45, used time: 1550669 us
iteration: 44, used time: 1546658 us
iteration: 43, used time: 1558688 us
iteration: 42, used time: 1558831 us
iteration: 41, used time: 1540045 us
iteration: 40, used time: 1547087 us
iteration: 39, used time: 1554746 us
iteration: 38, used time: 1535884 us
iteration: 37, used time: 1554695 us
iteration: 36, used time: 1547359 us
iteration: 35, used time: 1539535 us
iteration: 34, used time: 1554572 us
iteration: 33, used time: 1547149 us
iteration: 32, used time: 1553939 us
iteration: 31, used time: 1547284 us
iteration: 30, used time: 1550595 us
iteration: 29, used time: 1555030 us
iteration: 28, used time: 1562782 us
iteration: 27, used time: 1551291 us
iteration: 26, used time: 1523014 us
iteration: 25, used time: 1558833 us
iteration: 24, used time: 1535114 us
iteration: 23, used time: 1543398 us
iteration: 22, used time: 1555078 us
iteration: 21, used time: 1566113 us
iteration: 20, used time: 1547542 us
iteration: 19, used time: 1558546 us
iteration: 18, used time: 1558585 us
iteration: 17, used time: 1550812 us
iteration: 16, used time: 1558220 us
iteration: 15, used time: 1554777 us
iteration: 14, used time: 1542862 us
iteration: 13, used time: 1554891 us
iteration: 12, used time: 1555021 us
iteration: 11, used time: 1554998 us
iteration: 10, used time: 1555081 us
iteration: 9, used time: 1555133 us
iteration: 8, used time: 1562359 us
iteration: 7, used time: 1554150 us
iteration: 6, used time: 1542479 us
iteration: 5, used time: 1558802 us
iteration: 4, used time: 1531056 us
iteration: 3, used time: 1543422 us
iteration: 2, used time: 1566203 us
iteration: 1, used time: 1551188 us
>>>>>>>>>> Phase 4: Decryption >>>>>>>>>>
iteration: 100, used time: 1378446 us
iteration: 99, used time: 1378341 us
iteration: 98, used time: 1378340 us
iteration: 97, used time: 1378376 us
iteration: 96, used time: 1378364 us
iteration: 95, used time: 1378383 us
iteration: 94, used time: 1378364 us
iteration: 93, used time: 1378383 us
iteration: 92, used time: 1378364 us
iteration: 91, used time: 1378383 us
iteration: 90, used time: 1378364 us
iteration: 89, used time: 1378383 us
iteration: 88, used time: 1378364 us
iteration: 87, used time: 1378383 us
iteration: 86, used time: 1378364 us
iteration: 85, used time: 1378383 us
iteration: 84, used time: 1378364 us
iteration: 83, used time: 1378383 us
iteration: 82, used time: 1378364 us
iteration: 81, used time: 1378383 us
iteration: 80, used time: 1378364 us
iteration: 79, used time: 1378383 us
iteration: 78, used time: 1378364 us
iteration: 77, used time: 1378383 us
iteration: 76, used time: 1378364 us
iteration: 75, used time: 1378383 us
iteration: 74, used time: 1378364 us
iteration: 73, used time: 1378383 us
iteration: 72, used time: 1378364 us
iteration: 71, used time: 1378383 us
iteration: 70, used time: 1378363 us
iteration: 69, used time: 1378382 us
iteration: 68, used time: 1378364 us
iteration: 67, used time: 1378382 us
iteration: 66, used time: 1378364 us
iteration: 65, used time: 1378382 us
iteration: 64, used time: 1378364 us
iteration: 63, used time: 1378382 us
iteration: 62, used time: 1378364 us
iteration: 61, used time: 1378382 us
iteration: 60, used time: 1378364 us
iteration: 59, used time: 1378382 us
iteration: 58, used time: 1378364 us
iteration: 57, used time: 1378382 us
iteration: 56, used time: 1378364 us
iteration: 55, used time: 1378382 us
iteration: 54, used time: 1378364 us
iteration: 53, used time: 1378382 us
iteration: 52, used time: 1378364 us
iteration: 51, used time: 1378382 us
iteration: 50, used time: 1378364 us
iteration: 49, used time: 1378382 us
iteration: 48, used time: 1378364 us
iteration: 47, used time: 1378382 us
iteration: 46, used time: 1378364 us
iteration: 45, used time: 1378382 us
iteration: 44, used time: 1378364 us
iteration: 43, used time: 1378382 us
iteration: 42, used time: 1378364 us
iteration: 41, used time: 1378382 us
iteration: 40, used time: 1378364 us
iteration: 39, used time: 1378382 us
iteration: 38, used time: 1378364 us
iteration: 37, used time: 1378382 us
iteration: 36, used time: 1378364 us
iteration: 35, used time: 1378382 us
iteration: 34, used time: 1378364 us
iteration: 33, used time: 1378381 us
iteration: 32, used time: 1378364 us
iteration: 31, used time: 1378382 us
iteration: 30, used time: 1378364 us
iteration: 29, used time: 1378382 us
iteration: 28, used time: 1378364 us
iteration: 27, used time: 1378382 us
iteration: 26, used time: 1378364 us
iteration: 25, used time: 1378382 us
iteration: 24, used time: 1378364 us
iteration: 23, used time: 1378382 us
iteration: 22, used time: 1378364 us
iteration: 21, used time: 1378382 us
iteration: 20, used time: 1378364 us
iteration: 19, used time: 1378382 us
iteration: 18, used time: 1378364 us
iteration: 17, used time: 1378382 us
iteration: 16, used time: 1378364 us
iteration: 15, used time: 1378382 us
iteration: 14, used time: 1378364 us
iteration: 13, used time: 1378382 us
iteration: 12, used time: 1378364 us
iteration: 11, used time: 1378382 us
iteration: 10, used time: 1378364 us
iteration: 9, used time: 1378382 us
iteration: 8, used time: 1378369 us
iteration: 7, used time: 1378387 us
iteration: 6, used time: 1378369 us
iteration: 5, used time: 1378387 us
iteration: 4, used time: 1378369 us
iteration: 3, used time: 1378387 us
iteration: 2, used time: 1378369 us
iteration: 1, used time: 1378387 us
>>>>>>>>>> Time Summary >>>>>>>>>>
Setup time:      1821991 (us)
Extract time:    1674541 (us)
Encryption time: 1549623 (us)
Decryption time: 1378373 (us)
