>>>>>>>>>> Phase 3: Encryption >>>>>>>>>>
iteration: 100, used time: 1554478 us
iteration: 99, used time: 1538777 us
iteration: 98, used time: 1538170 us
iteration: 97, used time: 1553878 us
iteration: 96, used time: 1549593 us
iteration: 95, used time: 1530037 us
iteration: 94, used time: 1518969 us
iteration: 93, used time: 1550554 us
iteration: 92, used time: 1558394 us
iteration: 91, used time: 1538733 us
iteration: 90, used time: 1546624 us
iteration: 89, used time: 1545947 us
iteration: 88, used time: 1539365 us
iteration: 87, used time: 1525549 us
iteration: 86, used time: 1558142 us
iteration: 85, used time: 1550694 us
iteration: 84, used time: 1542336 us
iteration: 83, used time: 1557688 us
iteration: 82, used time: 1550416 us
iteration: 81, used time: 1542698 us
iteration: 80, used time: 1526795 us
iteration: 79, used time: 1518840 us
iteration: 78, used time: 1538613 us
iteration: 77, used time: 1543052 us
iteration: 76, used time: 1554367 us
iteration: 75, used time: 1534406 us
iteration: 74, used time: 1539128 us
iteration: 73, used time: 1542028 us
iteration: 72, used time: 1539070 us
iteration: 71, used time: 1550097 us
iteration: 70, used time: 1537773 us
iteration: 69, used time: 1546501 us
iteration: 68, used time: 1538722 us
iteration: 67, used time: 1554221 us
iteration: 66, used time: 1530656 us
iteration: 65, used time: 1550453 us
iteration: 64, used time: 1542686 us
iteration: 63, used time: 1554193 us
iteration: 62, used time: 1546813 us
iteration: 61, used time: 1550577 us
iteration: 60, used time: 1554331 us
iteration: 59, used time: 1546084 us
iteration: 58, used time: 1546385 us
iteration: 57, used time: 1546607 us
iteration: 56, used time: 1546373 us
iteration: 55, used time: 1565355 us
iteration: 54, used time: 1550245 us
iteration: 53, used time: 1546463 us
iteration: 52, used time: 1554232 us
iteration: 51, used time: 1546233 us
iteration: 50, used time: 1554179 us
iteration: 49, used time: 1554517 us
iteration: 48, used time: 1542822 us
iteration: 47, used time: 1545927 us
iteration: 46, used time: 1554375 us
iteration: 45, used time: 1538892 us
iteration: 44, used time: 1522403 us
iteration: 43, used time: 1550371 us
iteration: 42, used time: 1553456 us
iteration: 41, used time: 1542964 us
iteration: 40, used time: 1554104 us
iteration: 39, used time: 1550389 us
iteration: 38, used time: 1554222 us
iteration: 37, used time: 1538661 us
iteration: 36, used time: 1542036 us
iteration: 35, used time: 1549927 us
iteration: 34, used time: 1542668 us
iteration: 33, used time: 1538560 us
iteration: 32, used time: 1550714 us
iteration: 31, used time: 1530815 us
iteration: 30, used time: 1542544 us
iteration: 29, used time: 1561671 us
iteration: 28, used time: 1542701 us
iteration: 27, used time: 1546309 us
iteration: 26, used time: 1553889 us
iteration: 25, used time: 1541664 us
iteration: 24, used time: 1542571 us
iteration: 23, used time: 1531475 us
iteration: 22, used time: 1523436 us
iteration: 21, used time: 1543108 us
iteration: 20, used time: 1549391 us
iteration: 19, used time: 1546737 us
iteration: 18, used time: 1546653 us
iteration: 17, used time: 1538686 us
iteration: 16, used time: 1546825 us
iteration: 15, used time: 1550573 us
iteration: 14, used time: 1549927 us
iteration: 13, used time: 1554395 us
iteration: 12, used time: 1526372 us
iteration: 11, used time: 1538863 us
iteration: 10, used time: 1542292 us
iteration: 9, used time: 1542933 us
iteration: 8, used time: 1542639 us
iteration: 7, used time: 1554179 us
iteration: 6, used time: 1553642 us
iteration: 5, used time: 1550565 us
iteration: 4, used time: 1554367 us
iteration: 3, used time: 1554388 us
iteration: 2, used time: 1514833 us
iteration: 1, used time: 1557770 us
>>>>>>>>>> Phase 4: Decryption >>>>>>>>>>
iteration: 100, used time: 1375396 us
iteration: 99, used time: 1375371 us
iteration: 98, used time: 1375291 us
iteration: 97, used time: 1375302 us
iteration: 96, used time: 1375312 us
iteration: 95, used time: 1375328 us
iteration: 94, used time: 1375287 us
iteration: 93, used time: 1375304 us
iteration: 92, used time: 1375334 us
iteration: 91, used time: 1375296 us
iteration: 90, used time: 1375341 us
iteration: 89, used time: 1375270 us
iteration: 88, used time: 1375321 us
iteration: 87, used time: 1375299 us
iteration: 86, used time: 1375308 us
iteration: 85, used time: 1375329 us
iteration: 84, used time: 1375304 us
iteration: 83, used time: 1375336 us
iteration: 82, used time: 1375295 us
iteration: 81, used time: 1375338 us
iteration: 80, used time: 1375291 us
iteration: 79, used time: 1375302 us
iteration: 78, used time: 1375312 us
iteration: 77, used time: 1375328 us
iteration: 76, used time: 1375287 us
iteration: 75, used time: 1375304 us
iteration: 74, used time: 1375334 us
iteration: 73, used time: 1375296 us
iteration: 72, used time: 1375341 us
iteration: 71, used time: 1375270 us
iteration: 70, used time: 1375321 us
iteration: 69, used time: 1375298 us
iteration: 68, used time: 1375309 us
iteration: 67, used time: 1375329 us
iteration: 66, used time: 1375305 us
iteration: 65, used time: 1375336 us
iteration: 64, used time: 1375294 us
iteration: 63, used time: 1375339 us
iteration: 62, used time: 1375291 us
iteration: 61, used time: 1375303 us
iteration: 60, used time: 1375312 us
iteration: 59, used time: 1375327 us
iteration: 58, used time: 1375288 us
iteration: 57, used time: 1375303 us
iteration: 56, used time: 1375335 us
iteration: 55, used time: 1375295 us
iteration: 54, used time: 1375342 us
iteration: 53, used time: 1375270 us
iteration: 52, used time: 1375321 us
iteration: 51, used time: 1375299 us
iteration: 50, used time: 1375309 us
iteration: 49, used time: 1375329 us
iteration: 48, used time: 1375305 us
iteration: 47, used time: 1375336 us
iteration: 46, used time: 1375294 us
iteration: 45, used time: 1375339 us
iteration: 44, used time: 1375291 us
iteration: 43, used time: 1375303 us
iteration: 42, used time: 1375312 us
iteration: 41, used time: 1375327 us
iteration: 40, used time: 1375288 us
iteration: 39, used time: 1375303 us
iteration: 38, used time: 1375335 us
iteration: 37, used time: 1375295 us
iteration: 36, used time: 1375342 us
iteration: 35, used time: 1375270 us
iteration: 34, used time: 1375321 us
iteration: 33, used time: 1375298 us
iteration: 32, used time: 1375309 us
iteration: 31, used time: 1375329 us
iteration: 30, used time: 1375305 us
iteration: 29, used time: 1375335 us
iteration: 28, used time: 1375295 us
iteration: 27, used time: 1375338 us
iteration: 26, used time: 1375291 us
iteration: 25, used time: 1375303 us
iteration: 24, used time: 1375313 us
iteration: 23, used time: 1375327 us
iteration: 22, used time: 1375288 us
iteration: 21, used time: 1375303 us
iteration: 20, used time: 1375335 us
iteration: 19, used time: 1375296 us
iteration: 18, used time: 1375342 us
iteration: 17, used time: 1375270 us
iteration: 16, used time: 1375320 us
iteration: 15, used time: 1375300 us
iteration: 14, used time: 1375309 us
iteration: 13, used time: 1375329 us
iteration: 12, used time: 1375305 us
iteration: 11, used time: 1375335 us
iteration: 10, used time: 1375295 us
iteration: 9, used time: 1375338 us
iteration: 8, used time: 1375295 us
iteration: 7, used time: 1375307 us
iteration: 6, used time: 1375317 us
iteration: 5, used time: 1375332 us
iteration: 4, used time: 1375294 us
iteration: 3, used time: 1375302 us
iteration: 2, used time: 1375329 us
iteration: 1, used time: 1375305 us
>>>>>>>>>> Time Summary >>>>>>>>>>
Setup time:      1833420 (us)
Extract time:    1691165 (us)
Encryption time: 1544897 (us)
Decryption time: 1375312 (us)
