>>>>>>>>>> Phase 3: Encryption >>>>>>>>>>
iteration: 100, used time: 1548484 us
iteration: 99, used time: 1563918 us
iteration: 98, used time: 1548841 us
iteration: 97, used time: 1528081 us
iteration: 96, used time: 1552156 us
iteration: 95, used time: 1563610 us
iteration: 94, used time: 1552816 us
iteration: 93, used time: 1548679 us
iteration: 92, used time: 1560212 us
iteration: 91, used time: 1540370 us
iteration: 90, used time: 1560118 us
iteration: 89, used time: 1540474 us
iteration: 88, used time: 1540452 us
iteration: 87, used time: 1556269 us
iteration: 86, used time: 1563880 us
iteration: 85, used time: 1556523 us
iteration: 84, used time: 1556727 us
iteration: 83, used time: 1553111 us
iteration: 82, used time: 1540979 us
iteration: 81, used time: 1560262 us
iteration: 80, used time: 1560157 us
iteration: 79, used time: 1548779 us
iteration: 78, used time: 1545195 us
iteration: 77, used time: 1537791 us
iteration: 76, used time: 1552633 us
iteration: 75, used time: 1559785 us
iteration: 74, used time: 1560151 us
iteration: 73, used time: 1559920 us
iteration: 72, used time: 1556306 us
iteration: 71, used time: 1556559 us
iteration: 70, used time: 1540487 us
iteration: 69, used time: 1560477 us
iteration: 68, used time: 1544527 us
iteration: 67, used time: 1548644 us
iteration: 66, used time: 1548042 us
iteration: 65, used time: 1560303 us
iteration: 64, used time: 1520157 us
iteration: 63, used time: 1552708 us
iteration: 62, used time: 1548565 us
iteration: 61, used time: 1548350 us
iteration: 60, used time: 1556378 us
iteration: 59, used time: 1556201 us
iteration: 58, used time: 1560356 us
iteration: 57, used time: 1541114 us
iteration: 56, used time: 1567608 us
iteration: 55, used time: 1560404 us
iteration: 54, used time: 1551944 us
iteration: 53, used time: 1549121 us
iteration: 52, used time: 1528578 us
iteration: 51, used time: 1551721 us
iteration: 50, used time: 1556450 us
iteration: 49, used time: 1535581 us
iteration: 48, used time: 1560430 us
iteration: 47, used time: 1556668 us
iteration: 46, used time: 1548407 us
iteration: 45, used time: 1567829 us
iteration: 44, used time: 1560254 us
iteration: 43, used time: 1556710 us
iteration: 42, used time: 1543949 us
iteration: 41, used time: 1536291 us
iteration: 40, used time: 1548659 us
iteration: 39, used time: 1564100 us
iteration: 38, used time: 1560447 us
iteration: 37, used time: 1556707 us
iteration: 36, used time: 1545182 us
iteration: 35, used time: 1560513 us
iteration: 34, used time: 1552405 us
iteration: 33, used time: 1564087 us
iteration: 32, used time: 1560265 us
iteration: 31, used time: 1548208 us
iteration: 30, used time: 1548716 us
iteration: 29, used time: 1567640 us
iteration: 28, used time: 1564339 us
iteration: 27, used time: 1548758 us
iteration: 26, used time: 1527846 us
iteration: 25, used time: 1552724 us
iteration: 24, used time: 1545291 us
iteration: 23, used time: 1556431 us
iteration: 22, used time: 1544424 us
iteration: 21, used time: 1552613 us
iteration: 20, used time: 1544368 us
iteration: 19, used time: 1552900 us
iteration: 18, used time: 1548793 us
iteration: 17, used time: 1560569 us
iteration: 16, used time: 1564421 us
iteration: 15, used time: 1528296 us
iteration: 14, used time: 1540283 us
iteration: 13, used time: 1564017 us
iteration: 12, used time: 1560154 us
iteration: 11, used time: 1552450 us
iteration: 10, used time: 1536004 us
iteration: 9, used time: 1552808 us
iteration: 8, used time: 1544282 us
iteration: 7, used time: 1560002 us
iteration: 6, used time: 1552193 us
iteration: 5, used time: 1555816 us
iteration: 4, used time: 1564272 us
iteration: 3, used time: 1544569 us
iteration: 2, used time: 1544899 us
iteration: 1, used time: 1556471 us
>>>>>>>>>> Phase 4: Decryption >>>>>>>>>>
iteration: 100, used time: 1379708 us
iteration: 99, used time: 1379715 us
iteration: 98, used time: 1379600 us
iteration: 97, used time: 1379613 us
iteration: 96, used time: 1379665 us
iteration: 95, used time: 1379630 us
iteration: 94, used time: 1379628 us
iteration: 93, used time: 1379630 us
iteration: 92, used time: 1379672 us
iteration: 91, used time: 1379756 us
iteration: 90, used time: 1379666 us
iteration: 89, used time: 1379709 us
iteration: 88, used time: 1379681 us
iteration: 87, used time: 1379646 us
iteration: 86, used time: 1379665 us
iteration: 85, used time: 1379630 us
iteration: 84, used time: 1379628 us
iteration: 83, used time: 1379630 us
iteration: 82, used time: 1379672 us
iteration: 81, used time: 1379756 us
iteration: 80, used time: 1379666 us
iteration: 79, used time: 1379709 us
iteration: 78, used time: 1379681 us
iteration: 77, used time: 1379646 us
iteration: 76, used time: 1379665 us
iteration: 75, used time: 1379630 us
iteration: 74, used time: 1379628 us
iteration: 73, used time: 1379630 us
iteration: 72, used time: 1379672 us
iteration: 71, used time: 1379756 us
iteration: 70, used time: 1379664 us
iteration: 69, used time: 1379709 us
iteration: 68, used time: 1379681 us
iteration: 67, used time: 1379645 us
iteration: 66, used time: 1379665 us
iteration: 65, used time: 1379629 us
iteration: 64, used time: 1379627 us
iteration: 63, used time: 1379630 us
iteration: 62, used time: 1379672 us
iteration: 61, used time: 1379757 us
iteration: 60, used time: 1379665 us
iteration: 59, used time: 1379709 us
iteration: 58, used time: 1379681 us
iteration: 57, used time: 1379645 us
iteration: 56, used time: 1379665 us
iteration: 55, used time: 1379629 us
iteration: 54, used time: 1379627 us
iteration: 53, used time: 1379630 us
iteration: 52, used time: 1379672 us
iteration: 51, used time: 1379757 us
iteration: 50, used time: 1379665 us
iteration: 49, used time: 1379709 us
iteration: 48, used time: 1379681 us
iteration: 47, used time: 1379645 us
iteration: 46, used time: 1379665 us
iteration: 45, used time: 1379629 us
iteration: 44, used time: 1379627 us
iteration: 43, used time: 1379630 us
iteration: 42, used time: 1379672 us
iteration: 41, used time: 1379757 us
iteration: 40, used time: 1379665 us
iteration: 39, used time: 1379709 us
iteration: 38, used time: 1379681 us
iteration: 37, used time: 1379645 us
iteration: 36, used time: 1379665 us
iteration: 35, used time: 1379629 us
iteration: 34, used time: 1379627 us
iteration: 33, used time: 1379628 us
iteration: 32, used time: 1379672 us
iteration: 31, used time: 1379757 us
iteration: 30, used time: 1379665 us
iteration: 29, used time: 1379709 us
iteration: 28, used time: 1379681 us
iteration: 27, used time: 1379645 us
iteration: 26, used time: 1379665 us
iteration: 25, used time: 1379630 us
iteration: 24, used time: 1379627 us
iteration: 23, used time: 1379629 us
iteration: 22, used time: 1379672 us
iteration: 21, used time: 1379757 us
iteration: 20, used time: 1379665 us
iteration: 19, used time: 1379709 us
iteration: 18, used time: 1379681 us
iteration: 17, used time: 1379645 us
iteration: 16, used time: 1379665 us
iteration: 15, used time: 1379630 us
iteration: 14, used time: 1379627 us
iteration: 13, used time: 1379629 us
iteration: 12, used time: 1379672 us
iteration: 11, used time: 1379757 us
iteration: 10, used time: 1379665 us
iteration: 9, used time: 1379709 us
iteration: 8, used time: 1379686 us
iteration: 7, used time: 1379650 us
iteration: 6, used time: 1379670 us
iteration: 5, used time: 1379634 us
iteration: 4, used time: 1379576 us
iteration: 3, used time: 1379604 us
iteration: 2, used time: 1379670 us
iteration: 1, used time: 1379634 us
>>>>>>>>>> Time Summary >>>>>>>>>>
Setup time:      1808896 (us)
Extract time:    1668369 (us)
Encryption time: 1551884 (us)
Decryption time: 1379665 (us)
