>>>>>>>>>> Phase 3: Encryption >>>>>>>>>>
iteration: 100, used time: 1536344 us
iteration: 99, used time: 1551540 us
iteration: 98, used time: 1550942 us
iteration: 97, used time: 1531622 us
iteration: 96, used time: 1558627 us
iteration: 95, used time: 1539089 us
iteration: 94, used time: 1531490 us
iteration: 93, used time: 1555385 us
iteration: 92, used time: 1551490 us
iteration: 91, used time: 1554704 us
iteration: 90, used time: 1546874 us
iteration: 89, used time: 1543681 us
iteration: 88, used time: 1555192 us
iteration: 87, used time: 1555113 us
iteration: 86, used time: 1558747 us
iteration: 85, used time: 1547301 us
iteration: 84, used time: 1527145 us
iteration: 83, used time: 1551607 us
iteration: 82, used time: 1531038 us
iteration: 81, used time: 1544041 us
iteration: 80, used time: 1539528 us
iteration: 79, used time: 1543576 us
iteration: 78, used time: 1551884 us
iteration: 77, used time: 1551001 us
iteration: 76, used time: 1539846 us
iteration: 75, used time: 1559331 us
iteration: 74, used time: 1544103 us
iteration: 73, used time: 1562804 us
iteration: 72, used time: 1531307 us
iteration: 71, used time: 1539090 us
iteration: 70, used time: 1542841 us
iteration: 69, used time: 1539340 us
iteration: 68, used time: 1546412 us
iteration: 67, used time: 1551558 us
iteration: 66, used time: 1535359 us
iteration: 65, used time: 1547359 us
iteration: 64, used time: 1555104 us
iteration: 63, used time: 1543692 us
iteration: 62, used time: 1547776 us
iteration: 61, used time: 1551646 us
iteration: 60, used time: 1543551 us
iteration: 59, used time: 1558994 us
iteration: 58, used time: 1551490 us
iteration: 57, used time: 1551649 us
iteration: 56, used time: 1547811 us
iteration: 55, used time: 1539794 us
iteration: 54, used time: 1540439 us
iteration: 53, used time: 1539883 us
iteration: 52, used time: 1554858 us
iteration: 51, used time: 1555456 us
iteration: 50, used time: 1547707 us
iteration: 49, used time: 1547344 us
iteration: 48, used time: 1532181 us
iteration: 47, used time: 1543924 us
iteration: 46, used time: 1539400 us
iteration: 45, used time: 1539628 us
iteration: 44, used time: 1559187 us
iteration: 43, used time: 1535496 us
iteration: 42, used time: 1555461 us
iteration: 41, used time: 1543917 us
iteration: 40, used time: 1555329 us
iteration: 39, used time: 1550971 us
iteration: 38, used time: 1543375 us
iteration: 37, used time: 1551176 us
iteration: 36, used time: 1539210 us
iteration: 35, used time: 1547299 us
iteration: 34, used time: 1535326 us
iteration: 33, used time: 1523315 us
iteration: 32, used time: 1551347 us
iteration: 31, used time: 1555435 us
iteration: 30, used time: 1543068 us
iteration: 29, used time: 1511124 us
iteration: 28, used time: 1535965 us
iteration: 27, used time: 1547011 us
iteration: 26, used time: 1543847 us
iteration: 25, used time: 1539687 us
iteration: 24, used time: 1543877 us
iteration: 23, used time: 1555094 us
iteration: 22, used time: 1548041 us
iteration: 21, used time: 1544488 us
iteration: 20, used time: 1546785 us
iteration: 19, used time: 1544172 us
iteration: 18, used time: 1540236 us
iteration: 17, used time: 1547630 us
iteration: 16, used time: 1551599 us
iteration: 15, used time: 1539737 us
iteration: 14, used time: 1522802 us
iteration: 13, used time: 1543483 us
iteration: 12, used time: 1540215 us
iteration: 11, used time: 1554813 us
iteration: 10, used time: 1559535 us
iteration: 9, used time: 1531870 us
iteration: 8, used time: 1539437 us
iteration: 7, used time: 1530589 us
iteration: 6, used time: 1547239 us
iteration: 5, used time: 1539179 us
iteration: 4, used time: 1551412 us
iteration: 3, used time: 1540170 us
iteration: 2, used time: 1544063 us
iteration: 1, used time: 1540365 us
>>>>>>>>>> Phase 4: Decryption >>>>>>>>>>
iteration: 100, used time: 1375273 us
iteration: 99, used time: 1375194 us
iteration: 98, used time: 1375183 us
iteration: 97, used time: 1375201 us
iteration: 96, used time: 1375220 us
iteration: 95, used time: 1375165 us
iteration: 94, used time: 1375210 us
iteration: 93, used time: 1375201 us
iteration: 92, used time: 1375190 us
iteration: 91, used time: 1375201 us
iteration: 90, used time: 1375220 us
iteration: 89, used time: 1375165 us
iteration: 88, used time: 1375210 us
iteration: 87, used time: 1375201 us
iteration: 86, used time: 1375190 us
iteration: 85, used time: 1375201 us
iteration: 84, used time: 1375220 us
iteration: 83, used time: 1375165 us
iteration: 82, used time: 1375210 us
iteration: 81, used time: 1375201 us
iteration: 80, used time: 1375190 us
iteration: 79, used time: 1375201 us
iteration: 78, used time: 1375220 us
iteration: 77, used time: 1375165 us
iteration: 76, used time: 1375210 us
iteration: 75, used time: 1375201 us
iteration: 74, used time: 1375190 us
iteration: 73, used time: 1375201 us
iteration: 72, used time: 1375220 us
iteration: 71, used time: 1375165 us
iteration: 70, used time: 1375210 us
iteration: 69, used time: 1375199 us
iteration: 68, used time: 1375190 us
iteration: 67, used time: 1375202 us
iteration: 66, used time: 1375220 us
iteration: 65, used time: 1375165 us
iteration: 64, used time: 1375210 us
iteration: 63, used time: 1375201 us
iteration: 62, used time: 1375190 us
iteration: 61, used time: 1375202 us
iteration: 60, used time: 1375220 us
iteration: 59, used time: 1375165 us
iteration: 58, used time: 1375210 us
iteration: 57, used time: 1375201 us
iteration: 56, used time: 1375190 us
iteration: 55, used time: 1375202 us
iteration: 54, used time: 1375220 us
iteration: 53, used time: 1375165 us
iteration: 52, used time: 1375210 us
iteration: 51, used time: 1375201 us
iteration: 50, used time: 1375190 us
iteration: 49, used time: 1375202 us
iteration: 48, used time: 1375220 us
iteration: 47, used time: 1375165 us
iteration: 46, used time: 1375210 us
iteration: 45, used time: 1375201 us
iteration: 44, used time: 1375190 us
iteration: 43, used time: 1375202 us
iteration: 42, used time: 1375220 us
iteration: 41, used time: 1375165 us
iteration: 40, used time: 1375210 us
iteration: 39, used time: 1375201 us
iteration: 38, used time: 1375190 us
iteration: 37, used time: 1375202 us
iteration: 36, used time: 1375220 us
iteration: 35, used time: 1375165 us
iteration: 34, used time: 1375210 us
iteration: 33, used time: 1375200 us
iteration: 32, used time: 1375190 us
iteration: 31, used time: 1375202 us
iteration: 30, used time: 1375221 us
iteration: 29, used time: 1375165 us
iteration: 28, used time: 1375211 us
iteration: 27, used time: 1375201 us
iteration: 26, used time: 1375190 us
iteration: 25, used time: 1375202 us
iteration: 24, used time: 1375221 us
iteration: 23, used time: 1375165 us
iteration: 22, used time: 1375211 us
iteration: 21, used time: 1375201 us
iteration: 20, used time: 1375190 us
iteration: 19, used time: 1375202 us
iteration: 18, used time: 1375221 us
iteration: 17, used time: 1375165 us
iteration: 16, used time: 1375211 us
iteration: 15, used time: 1375201 us
iteration: 14, used time: 1375190 us
iteration: 13, used time: 1375202 us
iteration: 12, used time: 1375221 us
iteration: 11, used time: 1375165 us
iteration: 10, used time: 1375211 us
iteration: 9, used time: 1375201 us
iteration: 8, used time: 1375195 us
iteration: 7, used time: 1375207 us
iteration: 6, used time: 1375193 us
iteration: 5, used time: 1375197 us
iteration: 4, used time: 1375222 us
iteration: 3, used time: 1375201 us
iteration: 2, used time: 1375195 us
iteration: 1, used time: 1375207 us
>>>>>>>>>> Time Summary >>>>>>>>>>
Setup time:      1819212 (us)
Extract time:    1681522 (us)
Encryption time: 1544940 (us)
Decryption time: 1375198 (us)
