1554478
1538777
1538170
1553878
1549593
1530037
1518969
1550554
1558394
1538733
1546624
1545947
1539365
1525549
1558142
1550694
1542336
1557688
1550416
1542698
1526795
1518840
1538613
1543052
1554367
1534406
1539128
1542028
1539070
1550097
1537773
1546501
1538722
1554221
1530656
1550453
1542686
1554193
1546813
1550577
1554331
1546084
1546385
1546607
1546373
1565355
1550245
1546463
1554232
1546233
1554179
1554517
1542822
1545927
1554375
1538892
1522403
1550371
1553456
1542964
1554104
1550389
1554222
1538661
1542036
1549927
1542668
1538560
1550714
1530815
1542544
1561671
1542701
1546309
1553889
1541664
1542571
1531475
1523436
1543108
1549391
1546737
1546653
1538686
1546825
1550573
1549927
1554395
1526372
1538863
1542292
1542933
1542639
1554179
1553642
1550565
1554367
1554388
1514833
1557770
